2025-12-18 17:20:47,186 - __main__ - INFO - Project root: c:\Users\subam\Desktop\Retail-Price-Optimization-MLOPS
2025-12-18 17:20:47,188 - __main__ - INFO - Working directory: c:\Users\subam\Desktop\Retail-Price-Optimization-MLOPS\notebooks
2025-12-18 17:22:25,616 - __main__ - INFO - Validating environment setup...
2025-12-18 17:26:45,575 - __main__ - INFO - Project root: c:\Users\subam\Desktop\Retail-Price-Optimization-MLOPS
2025-12-18 17:26:45,580 - __main__ - INFO - Working directory: c:\Users\subam\Desktop\Retail-Price-Optimization-MLOPS\notebooks
2025-12-18 17:28:08,840 - __main__ - INFO - Validating environment setup...
2025-12-18 17:28:08,843 - __main__ - INFO -   ✓ DB_URL: OK
2025-12-18 17:28:08,846 - __main__ - INFO -   ✗ PIPELINE_NAME: MISSING
2025-12-18 17:28:08,848 - __main__ - INFO -   ✗ MODEL_NAME: MISSING
2025-12-18 17:32:14,239 - __main__ - INFO - Project root: c:\Users\subam\Desktop\Retail-Price-Optimization-MLOPS
2025-12-18 17:32:14,241 - __main__ - INFO - Working directory: c:\Users\subam\Desktop\Retail-Price-Optimization-MLOPS\notebooks
2025-12-18 17:33:19,967 - __main__ - INFO - Validating environment setup...
2025-12-18 17:33:19,971 - __main__ - INFO -   ✓ DB_URL: OK
2025-12-18 17:33:19,973 - __main__ - INFO -   ✗ PIPELINE_NAME: MISSING
2025-12-18 17:33:19,975 - __main__ - INFO -   ✗ MODEL_NAME: MISSING
2025-12-18 17:37:22,985 - __main__ - INFO - Validating environment setup...
2025-12-18 17:37:22,990 - __main__ - INFO -   ✓ DB_URL: OK
2025-12-18 17:37:22,993 - __main__ - INFO -   ✗ PIPELINE_NAME: MISSING
2025-12-18 17:37:22,995 - __main__ - INFO -   ✗ MODEL_NAME: MISSING
2025-12-18 17:37:22,997 - __main__ - ERROR - Pipeline failed: Environment validation failed
2025-12-18 18:42:18,194 - __main__ - INFO - Project root: c:\Users\subam\Desktop\Retail-Price-Optimization-MLOPS
2025-12-18 18:42:18,197 - __main__ - INFO - Working directory: c:\Users\subam\Desktop\Retail-Price-Optimization-MLOPS\notebooks
2025-12-18 18:42:31,659 - __main__ - INFO - Validating environment setup...
2025-12-18 18:42:31,664 - __main__ - INFO -   ✓ DB_URL: OK
2025-12-18 18:42:31,667 - __main__ - INFO -   ✗ PIPELINE_NAME: MISSING
2025-12-18 18:42:31,669 - __main__ - INFO -   ✗ MODEL_NAME: MISSING
2025-12-18 18:42:31,738 - __main__ - INFO - Validating environment setup...
2025-12-18 18:42:31,741 - __main__ - INFO -   ✓ DB_URL: OK
2025-12-18 18:42:31,744 - __main__ - INFO -   ✗ PIPELINE_NAME: MISSING
2025-12-18 18:42:31,748 - __main__ - INFO -   ✗ MODEL_NAME: MISSING
2025-12-18 18:42:31,751 - __main__ - ERROR - Pipeline failed: Environment validation failed
